2026-02-03 19:59:28,501 [INFO] Archivo procesado:  ./inputs/FuelConsumptionCo2.csv
2026-02-03 19:59:28,502 [INFO] Variable independiente 'FUELCONSUMPTION_COMB' :
2026-02-03 19:59:28,505 [DEBUG] 
0        8.5
1        9.6
2        5.9
3       11.1
4       10.6
        ... 
1062    11.8
1063    11.5
1064    11.8
1065    11.3
1066    12.8
Name: FUELCONSUMPTION_COMB, Length: 1067, dtype: float64

2026-02-03 19:59:28,505 [INFO] Variable independiente 'CO2EMISSIONS' :
2026-02-03 19:59:28,506 [DEBUG] 
0       196
1       221
2       136
3       255
4       244
       ... 
1062    271
1063    264
1064    271
1065    260
1066    294
Name: CO2EMISSIONS, Length: 1067, dtype: int64

2026-02-03 19:59:28,512 [INFO] x de entrenamiento generado
2026-02-03 19:59:28,514 [DEBUG] 
333      7.8
106     12.7
585      9.9
55      11.4
213     16.5
        ... 
330     12.0
466     10.0
121     13.8
1044     8.6
860     17.3
Name: FUELCONSUMPTION_COMB, Length: 853, dtype: float64

2026-02-03 19:59:28,515 [INFO] x de entrenamiento generado
2026-02-03 19:59:28,517 [DEBUG] 
732    13.2
657     9.6
168    12.8
86      9.6
411     9.0
       ... 
963     9.2
294    10.0
275    10.1
903    11.3
941    16.9
Name: FUELCONSUMPTION_COMB, Length: 214, dtype: float64

2026-02-03 19:59:28,518 [INFO] y de entrenamiento generado
2026-02-03 19:59:28,519 [DEBUG] 
333     179
106     292
585     267
55      262
213     380
       ... 
330     276
466     230
121     317
1044    198
860     398
Name: CO2EMISSIONS, Length: 853, dtype: int64

2026-02-03 19:59:28,519 [INFO] y de pruebas generado
2026-02-03 19:59:28,520 [DEBUG] 
732    304
657    221
168    294
86     221
411    207
      ... 
963    212
294    230
275    232
903    260
941    389
Name: CO2EMISSIONS, Length: 214, dtype: int64

2026-02-03 19:59:28,546 [DEBUG] Loaded backend tkagg version 8.6.
2026-02-03 19:59:28,669 [DEBUG] STREAM b'IHDR' 16 13
2026-02-03 19:59:28,669 [DEBUG] STREAM b'sBIT' 41 4
2026-02-03 19:59:28,669 [DEBUG] b'sBIT' 41 4 (unknown)
2026-02-03 19:59:28,669 [DEBUG] STREAM b'pHYs' 57 9
2026-02-03 19:59:28,669 [DEBUG] STREAM b'IDAT' 78 1189
2026-02-03 19:59:28,675 [DEBUG] STREAM b'IHDR' 16 13
2026-02-03 19:59:28,675 [DEBUG] STREAM b'sBIT' 41 4
2026-02-03 19:59:28,675 [DEBUG] b'sBIT' 41 4 (unknown)
2026-02-03 19:59:28,675 [DEBUG] STREAM b'pHYs' 57 9
2026-02-03 19:59:28,675 [DEBUG] STREAM b'IDAT' 78 2994
2026-02-03 19:59:28,719 [DEBUG] STREAM b'IHDR' 16 13
2026-02-03 19:59:28,719 [DEBUG] STREAM b'sBIT' 41 4
2026-02-03 19:59:28,719 [DEBUG] b'sBIT' 41 4 (unknown)
2026-02-03 19:59:28,719 [DEBUG] STREAM b'pHYs' 57 9
2026-02-03 19:59:28,719 [DEBUG] STREAM b'IDAT' 78 374
2026-02-03 19:59:28,721 [DEBUG] STREAM b'IHDR' 16 13
2026-02-03 19:59:28,721 [DEBUG] STREAM b'sBIT' 41 4
2026-02-03 19:59:28,721 [DEBUG] b'sBIT' 41 4 (unknown)
2026-02-03 19:59:28,721 [DEBUG] STREAM b'pHYs' 57 9
2026-02-03 19:59:28,721 [DEBUG] STREAM b'IDAT' 78 286
2026-02-03 19:59:28,723 [DEBUG] STREAM b'IHDR' 16 13
2026-02-03 19:59:28,723 [DEBUG] STREAM b'sBIT' 41 4
2026-02-03 19:59:28,723 [DEBUG] b'sBIT' 41 4 (unknown)
2026-02-03 19:59:28,723 [DEBUG] STREAM b'pHYs' 57 9
2026-02-03 19:59:28,724 [DEBUG] STREAM b'IDAT' 78 263
2026-02-03 19:59:28,731 [DEBUG] STREAM b'IHDR' 16 13
2026-02-03 19:59:28,731 [DEBUG] STREAM b'sBIT' 41 4
2026-02-03 19:59:28,732 [DEBUG] b'sBIT' 41 4 (unknown)
2026-02-03 19:59:28,732 [DEBUG] STREAM b'pHYs' 57 9
2026-02-03 19:59:28,732 [DEBUG] STREAM b'IDAT' 78 387
2026-02-03 19:59:28,735 [DEBUG] STREAM b'IHDR' 16 13
2026-02-03 19:59:28,735 [DEBUG] STREAM b'sBIT' 41 4
2026-02-03 19:59:28,735 [DEBUG] b'sBIT' 41 4 (unknown)
2026-02-03 19:59:28,735 [DEBUG] STREAM b'pHYs' 57 9
2026-02-03 19:59:28,735 [DEBUG] STREAM b'IDAT' 78 436
2026-02-03 19:59:28,738 [DEBUG] STREAM b'IHDR' 16 13
2026-02-03 19:59:28,738 [DEBUG] STREAM b'sBIT' 41 4
2026-02-03 19:59:28,738 [DEBUG] b'sBIT' 41 4 (unknown)
2026-02-03 19:59:28,738 [DEBUG] STREAM b'pHYs' 57 9
2026-02-03 19:59:28,738 [DEBUG] STREAM b'IDAT' 78 351
2026-02-03 19:59:28,739 [DEBUG] STREAM b'IHDR' 16 13
2026-02-03 19:59:28,740 [DEBUG] STREAM b'sBIT' 41 4
2026-02-03 19:59:28,740 [DEBUG] b'sBIT' 41 4 (unknown)
2026-02-03 19:59:28,740 [DEBUG] STREAM b'pHYs' 57 9
2026-02-03 19:59:28,740 [DEBUG] STREAM b'IDAT' 78 364
2026-02-03 19:59:28,746 [DEBUG] findfont: Matching sans\-serif:style=normal:variant=normal:weight=normal:stretch=normal:size=10.0.
2026-02-03 19:59:28,747 [DEBUG] findfont: score(FontEntry(fname='/home/mejia/workspace/upsrj-machine-learning/venv/lib/python3.12/site-packages/matplotlib/mpl-data/fonts/ttf/DejaVuSansDisplay.ttf', name='DejaVu Sans Display', style='normal', variant='normal', weight=400, stretch='normal', size='scalable')) = 10.05
2026-02-03 19:59:28,748 [DEBUG] findfont: score(FontEntry(fname='/home/mejia/workspace/upsrj-machine-learning/venv/lib/python3.12/site-packages/matplotlib/mpl-data/fonts/ttf/cmr10.ttf', name='cmr10', style='normal', variant='normal', weight=400, stretch='normal', size='scalable')) = 10.05
2026-02-03 19:59:28,748 [DEBUG] findfont: score(FontEntry(fname='/home/mejia/workspace/upsrj-machine-learning/venv/lib/python3.12/site-packages/matplotlib/mpl-data/fonts/ttf/STIXNonUniIta.ttf', name='STIXNonUnicode', style='italic', variant='normal', weight=400, stretch='normal', size='scalable')) = 11.05
2026-02-03 19:59:28,748 [DEBUG] findfont: score(FontEntry(fname='/home/mejia/workspace/upsrj-machine-learning/venv/lib/python3.12/site-packages/matplotlib/mpl-data/fonts/ttf/DejaVuSans-BoldOblique.ttf', name='DejaVu Sans', style='oblique', variant='normal', weight=700, stretch='normal', size='scalable')) = 1.335
2026-02-03 19:59:28,748 [DEBUG] findfont: score(FontEntry(fname='/home/mejia/workspace/upsrj-machine-learning/venv/lib/python3.12/site-packages/matplotlib/mpl-data/fonts/ttf/STIXSizFourSymReg.ttf', name='STIXSizeFourSym', style='normal', variant='normal', weight=400, stretch='normal', size='scalable')) = 10.05
2026-02-03 19:59:28,748 [DEBUG] findfont: score(FontEntry(fname='/home/mejia/workspace/upsrj-machine-learning/venv/lib/python3.12/site-packages/matplotlib/mpl-data/fonts/ttf/STIXGeneralBol.ttf', name='STIXGeneral', style='normal', variant='normal', weight=700, stretch='normal', size='scalable')) = 10.335
2026-02-03 19:59:28,749 [DEBUG] findfont: score(FontEntry(fname='/home/mejia/workspace/upsrj-machine-learning/venv/lib/python3.12/site-packages/matplotlib/mpl-data/fonts/ttf/STIXSizThreeSymReg.ttf', name='STIXSizeThreeSym', style='normal', variant='normal', weight=400, stretch='normal', size='scalable')) = 10.05
2026-02-03 19:59:28,749 [DEBUG] findfont: score(FontEntry(fname='/home/mejia/workspace/upsrj-machine-learning/venv/lib/python3.12/site-packages/matplotlib/mpl-data/fonts/ttf/DejaVuSans-Oblique.ttf', name='DejaVu Sans', style='oblique', variant='normal', weight=400, stretch='normal', size='scalable')) = 1.05
2026-02-03 19:59:28,749 [DEBUG] findfont: score(FontEntry(fname='/home/mejia/workspace/upsrj-machine-learning/venv/lib/python3.12/site-packages/matplotlib/mpl-data/fonts/ttf/DejaVuSerif.ttf', name='DejaVu Serif', style='normal', variant='normal', weight=400, stretch='normal', size='scalable')) = 10.05
2026-02-03 19:59:28,749 [DEBUG] findfont: score(FontEntry(fname='/home/mejia/workspace/upsrj-machine-learning/venv/lib/python3.12/site-packages/matplotlib/mpl-data/fonts/ttf/cmmi10.ttf', name='cmmi10', style='normal', variant='normal', weight=400, stretch='normal', size='scalable')) = 10.05
2026-02-03 19:59:28,749 [DEBUG] findfont: score(FontEntry(fname='/home/mejia/workspace/upsrj-machine-learning/venv/lib/python3.12/site-packages/matplotlib/mpl-data/fonts/ttf/DejaVuSansMono-Oblique.ttf', name='DejaVu Sans Mono', style='oblique', variant='normal', weight=400, stretch='normal', size='scalable')) = 11.05
2026-02-03 19:59:28,749 [DEBUG] findfont: score(FontEntry(fname='/home/mejia/workspace/upsrj-machine-learning/venv/lib/python3.12/site-packages/matplotlib/mpl-data/fonts/ttf/STIXSizOneSymBol.ttf', name='STIXSizeOneSym', style='normal', variant='normal', weight=700, stretch='normal', size='scalable')) = 10.335
2026-02-03 19:59:28,749 [DEBUG] findfont: score(FontEntry(fname='/home/mejia/workspace/upsrj-machine-learning/venv/lib/python3.12/site-packages/matplotlib/mpl-data/fonts/ttf/cmtt10.ttf', name='cmtt10', style='normal', variant='normal', weight=400, stretch='normal', size='scalable')) = 10.05
2026-02-03 19:59:28,750 [DEBUG] findfont: score(FontEntry(fname='/home/mejia/workspace/upsrj-machine-learning/venv/lib/python3.12/site-packages/matplotlib/mpl-data/fonts/ttf/STIXSizFiveSymReg.ttf', name='STIXSizeFiveSym', style='normal', variant='normal', weight=400, stretch='normal', size='scalable')) = 10.05
2026-02-03 19:59:28,750 [DEBUG] findfont: score(FontEntry(fname='/home/mejia/workspace/upsrj-machine-learning/venv/lib/python3.12/site-packages/matplotlib/mpl-data/fonts/ttf/DejaVuSerif-BoldItalic.ttf', name='DejaVu Serif', style='italic', variant='normal', weight=700, stretch='normal', size='scalable')) = 11.335
2026-02-03 19:59:28,750 [DEBUG] findfont: score(FontEntry(fname='/home/mejia/workspace/upsrj-machine-learning/venv/lib/python3.12/site-packages/matplotlib/mpl-data/fonts/ttf/STIXNonUniBol.ttf', name='STIXNonUnicode', style='normal', variant='normal', weight=700, stretch='normal', size='scalable')) = 10.335
2026-02-03 19:59:28,750 [DEBUG] findfont: score(FontEntry(fname='/home/mejia/workspace/upsrj-machine-learning/venv/lib/python3.12/site-packages/matplotlib/mpl-data/fonts/ttf/cmb10.ttf', name='cmb10', style='normal', variant='normal', weight=400, stretch='normal', size='scalable')) = 10.05
2026-02-03 19:59:28,750 [DEBUG] findfont: score(FontEntry(fname='/home/mejia/workspace/upsrj-machine-learning/venv/lib/python3.12/site-packages/matplotlib/mpl-data/fonts/ttf/DejaVuSerifDisplay.ttf', name='DejaVu Serif Display', style='normal', variant='normal', weight=400, stretch='normal', size='scalable')) = 10.05
2026-02-03 19:59:28,750 [DEBUG] findfont: score(FontEntry(fname='/home/mejia/workspace/upsrj-machine-learning/venv/lib/python3.12/site-packages/matplotlib/mpl-data/fonts/ttf/cmsy10.ttf', name='cmsy10', style='normal', variant='normal', weight=400, stretch='normal', size='scalable')) = 10.05
2026-02-03 19:59:28,750 [DEBUG] findfont: score(FontEntry(fname='/home/mejia/workspace/upsrj-machine-learning/venv/lib/python3.12/site-packages/matplotlib/mpl-data/fonts/ttf/DejaVuSerif-Bold.ttf', name='DejaVu Serif', style='normal', variant='normal', weight=700, stretch='normal', size='scalable')) = 10.335
2026-02-03 19:59:28,750 [DEBUG] findfont: score(FontEntry(fname='/home/mejia/workspace/upsrj-machine-learning/venv/lib/python3.12/site-packages/matplotlib/mpl-data/fonts/ttf/STIXGeneral.ttf', name='STIXGeneral', style='normal', variant='normal', weight=400, stretch='normal', size='scalable')) = 10.05
2026-02-03 19:59:28,750 [DEBUG] findfont: score(FontEntry(fname='/home/mejia/workspace/upsrj-machine-learning/venv/lib/python3.12/site-packages/matplotlib/mpl-data/fonts/ttf/DejaVuSans.ttf', name='DejaVu Sans', style='normal', variant='normal', weight=400, stretch='normal', size='scalable')) = 0.05
2026-02-03 19:59:28,750 [DEBUG] findfont: score(FontEntry(fname='/home/mejia/workspace/upsrj-machine-learning/venv/lib/python3.12/site-packages/matplotlib/mpl-data/fonts/ttf/cmss10.ttf', name='cmss10', style='normal', variant='normal', weight=400, stretch='normal', size='scalable')) = 10.05
2026-02-03 19:59:28,751 [DEBUG] findfont: score(FontEntry(fname='/home/mejia/workspace/upsrj-machine-learning/venv/lib/python3.12/site-packages/matplotlib/mpl-data/fonts/ttf/STIXSizFourSymBol.ttf', name='STIXSizeFourSym', style='normal', variant='normal', weight=700, stretch='normal', size='scalable')) = 10.335
2026-02-03 19:59:28,751 [DEBUG] findfont: score(FontEntry(fname='/home/mejia/workspace/upsrj-machine-learning/venv/lib/python3.12/site-packages/matplotlib/mpl-data/fonts/ttf/DejaVuSans-Bold.ttf', name='DejaVu Sans', style='normal', variant='normal', weight=700, stretch='normal', size='scalable')) = 0.33499999999999996
2026-02-03 19:59:28,751 [DEBUG] findfont: score(FontEntry(fname='/home/mejia/workspace/upsrj-machine-learning/venv/lib/python3.12/site-packages/matplotlib/mpl-data/fonts/ttf/STIXSizThreeSymBol.ttf', name='STIXSizeThreeSym', style='normal', variant='normal', weight=700, stretch='normal', size='scalable')) = 10.335
2026-02-03 19:59:28,751 [DEBUG] findfont: score(FontEntry(fname='/home/mejia/workspace/upsrj-machine-learning/venv/lib/python3.12/site-packages/matplotlib/mpl-data/fonts/ttf/STIXNonUni.ttf', name='STIXNonUnicode', style='normal', variant='normal', weight=400, stretch='normal', size='scalable')) = 10.05
2026-02-03 19:59:28,751 [DEBUG] findfont: score(FontEntry(fname='/home/mejia/workspace/upsrj-machine-learning/venv/lib/python3.12/site-packages/matplotlib/mpl-data/fonts/ttf/STIXSizTwoSymReg.ttf', name='STIXSizeTwoSym', style='normal', variant='normal', weight=400, stretch='normal', size='scalable')) = 10.05
2026-02-03 19:59:28,751 [DEBUG] findfont: score(FontEntry(fname='/home/mejia/workspace/upsrj-machine-learning/venv/lib/python3.12/site-packages/matplotlib/mpl-data/fonts/ttf/STIXNonUniBolIta.ttf', name='STIXNonUnicode', style='italic', variant='normal', weight=700, stretch='normal', size='scalable')) = 11.335
2026-02-03 19:59:28,752 [DEBUG] findfont: score(FontEntry(fname='/home/mejia/workspace/upsrj-machine-learning/venv/lib/python3.12/site-packages/matplotlib/mpl-data/fonts/ttf/DejaVuSansMono-Bold.ttf', name='DejaVu Sans Mono', style='normal', variant='normal', weight=700, stretch='normal', size='scalable')) = 10.335
2026-02-03 19:59:28,752 [DEBUG] findfont: score(FontEntry(fname='/home/mejia/workspace/upsrj-machine-learning/venv/lib/python3.12/site-packages/matplotlib/mpl-data/fonts/ttf/DejaVuSansMono-BoldOblique.ttf', name='DejaVu Sans Mono', style='oblique', variant='normal', weight=700, stretch='normal', size='scalable')) = 11.335
2026-02-03 19:59:28,752 [DEBUG] findfont: score(FontEntry(fname='/home/mejia/workspace/upsrj-machine-learning/venv/lib/python3.12/site-packages/matplotlib/mpl-data/fonts/ttf/cmex10.ttf', name='cmex10', style='normal', variant='normal', weight=400, stretch='normal', size='scalable')) = 10.05
2026-02-03 19:59:28,752 [DEBUG] findfont: score(FontEntry(fname='/home/mejia/workspace/upsrj-machine-learning/venv/lib/python3.12/site-packages/matplotlib/mpl-data/fonts/ttf/STIXSizOneSymReg.ttf', name='STIXSizeOneSym', style='normal', variant='normal', weight=400, stretch='normal', size='scalable')) = 10.05
2026-02-03 19:59:28,752 [DEBUG] findfont: score(FontEntry(fname='/home/mejia/workspace/upsrj-machine-learning/venv/lib/python3.12/site-packages/matplotlib/mpl-data/fonts/ttf/DejaVuSansMono.ttf', name='DejaVu Sans Mono', style='normal', variant='normal', weight=400, stretch='normal', size='scalable')) = 10.05
2026-02-03 19:59:28,752 [DEBUG] findfont: score(FontEntry(fname='/home/mejia/workspace/upsrj-machine-learning/venv/lib/python3.12/site-packages/matplotlib/mpl-data/fonts/ttf/STIXGeneralBolIta.ttf', name='STIXGeneral', style='italic', variant='normal', weight=700, stretch='normal', size='scalable')) = 11.335
2026-02-03 19:59:28,752 [DEBUG] findfont: score(FontEntry(fname='/home/mejia/workspace/upsrj-machine-learning/venv/lib/python3.12/site-packages/matplotlib/mpl-data/fonts/ttf/DejaVuSerif-Italic.ttf', name='DejaVu Serif', style='italic', variant='normal', weight=400, stretch='normal', size='scalable')) = 11.05
2026-02-03 19:59:28,752 [DEBUG] findfont: score(FontEntry(fname='/home/mejia/workspace/upsrj-machine-learning/venv/lib/python3.12/site-packages/matplotlib/mpl-data/fonts/ttf/STIXSizTwoSymBol.ttf', name='STIXSizeTwoSym', style='normal', variant='normal', weight=700, stretch='normal', size='scalable')) = 10.335
2026-02-03 19:59:28,752 [DEBUG] findfont: score(FontEntry(fname='/home/mejia/workspace/upsrj-machine-learning/venv/lib/python3.12/site-packages/matplotlib/mpl-data/fonts/ttf/STIXGeneralItalic.ttf', name='STIXGeneral', style='italic', variant='normal', weight=400, stretch='normal', size='scalable')) = 11.05
2026-02-03 19:59:28,753 [DEBUG] findfont: score(FontEntry(fname='/usr/share/fonts/truetype/ubuntu/Ubuntu-LI.ttf', name='Ubuntu', style='italic', variant='normal', weight=400, stretch='normal', size='scalable')) = 11.05
2026-02-03 19:59:28,753 [DEBUG] findfont: score(FontEntry(fname='/usr/share/fonts/truetype/ubuntu/Ubuntu-B.ttf', name='Ubuntu', style='normal', variant='normal', weight=400, stretch='normal', size='scalable')) = 10.05
2026-02-03 19:59:28,753 [DEBUG] findfont: score(FontEntry(fname='/usr/share/fonts/truetype/ubuntu/Ubuntu[wdth,wght].ttf', name='Ubuntu', style='normal', variant='normal', weight=400, stretch='normal', size='scalable')) = 10.05
2026-02-03 19:59:28,753 [DEBUG] findfont: score(FontEntry(fname='/usr/share/fonts/truetype/ubuntu/UbuntuMono[wght].ttf', name='Ubuntu Mono', style='normal', variant='normal', weight=400, stretch='normal', size='scalable')) = 10.05
2026-02-03 19:59:28,753 [DEBUG] findfont: score(FontEntry(fname='/usr/share/fonts/truetype/dejavu/DejaVuSansMono-Oblique.ttf', name='DejaVu Sans Mono', style='oblique', variant='normal', weight=400, stretch='normal', size='scalable')) = 11.05
2026-02-03 19:59:28,753 [DEBUG] findfont: score(FontEntry(fname='/usr/share/fonts/truetype/ubuntu/Ubuntu-C.ttf', name='Ubuntu', style='normal', variant='normal', weight=400, stretch='normal', size='scalable')) = 10.05
2026-02-03 19:59:28,753 [DEBUG] findfont: score(FontEntry(fname='/usr/share/fonts/truetype/ubuntu/Ubuntu-MI.ttf', name='Ubuntu', style='italic', variant='normal', weight=400, stretch='normal', size='scalable')) = 11.05
2026-02-03 19:59:28,754 [DEBUG] findfont: score(FontEntry(fname='/usr/share/fonts/truetype/dejavu/DejaVuSansMono-BoldOblique.ttf', name='DejaVu Sans Mono', style='oblique', variant='normal', weight=700, stretch='normal', size='scalable')) = 11.335
2026-02-03 19:59:28,754 [DEBUG] findfont: score(FontEntry(fname='/usr/share/fonts/truetype/ubuntu/UbuntuMono-RI.ttf', name='Ubuntu Mono', style='italic', variant='normal', weight=400, stretch='normal', size='scalable')) = 11.05
2026-02-03 19:59:28,754 [DEBUG] findfont: score(FontEntry(fname='/usr/share/fonts/truetype/dejavu/DejaVuSansMono-Bold.ttf', name='DejaVu Sans Mono', style='normal', variant='normal', weight=700, stretch='normal', size='scalable')) = 10.335
2026-02-03 19:59:28,754 [DEBUG] findfont: score(FontEntry(fname='/usr/share/fonts/truetype/dejavu/DejaVuSans-Bold.ttf', name='DejaVu Sans', style='normal', variant='normal', weight=700, stretch='normal', size='scalable')) = 0.33499999999999996
2026-02-03 19:59:28,754 [DEBUG] findfont: score(FontEntry(fname='/usr/share/fonts/truetype/ubuntu/UbuntuSans-Italic[wdth,wght].ttf', name='Ubuntu Sans', style='italic', variant='normal', weight=400, stretch='normal', size='scalable')) = 11.05
2026-02-03 19:59:28,754 [DEBUG] findfont: score(FontEntry(fname='/usr/share/fonts/truetype/ubuntu/Ubuntu-Th.ttf', name='Ubuntu', style='normal', variant='normal', weight=400, stretch='normal', size='scalable')) = 10.05
2026-02-03 19:59:28,754 [DEBUG] findfont: score(FontEntry(fname='/usr/share/fonts/truetype/ubuntu/UbuntuSansMono-Italic[wght].ttf', name='Ubuntu Sans Mono', style='italic', variant='normal', weight=400, stretch='normal', size='scalable')) = 11.05
2026-02-03 19:59:28,755 [DEBUG] findfont: score(FontEntry(fname='/usr/share/fonts/truetype/dejavu/DejaVuSerif-Bold.ttf', name='DejaVu Serif', style='normal', variant='normal', weight=700, stretch='normal', size='scalable')) = 10.335
2026-02-03 19:59:28,755 [DEBUG] findfont: score(FontEntry(fname='/usr/share/fonts/truetype/ubuntu/UbuntuSansMono[wght].ttf', name='Ubuntu Sans Mono', style='normal', variant='normal', weight=400, stretch='normal', size='scalable')) = 10.05
2026-02-03 19:59:28,755 [DEBUG] findfont: score(FontEntry(fname='/usr/share/fonts/truetype/dejavu/DejaVuSans.ttf', name='DejaVu Sans', style='normal', variant='normal', weight=400, stretch='normal', size='scalable')) = 0.05
2026-02-03 19:59:28,755 [DEBUG] findfont: score(FontEntry(fname='/usr/share/fonts/truetype/dejavu/DejaVuSerif.ttf', name='DejaVu Serif', style='normal', variant='normal', weight=400, stretch='normal', size='scalable')) = 10.05
2026-02-03 19:59:28,755 [DEBUG] findfont: score(FontEntry(fname='/usr/share/fonts/truetype/ubuntu/UbuntuMono-R.ttf', name='Ubuntu Mono', style='normal', variant='normal', weight=400, stretch='normal', size='scalable')) = 10.05
2026-02-03 19:59:28,755 [DEBUG] findfont: score(FontEntry(fname='/usr/share/fonts/truetype/ubuntu/Ubuntu-Italic[wdth,wght].ttf', name='Ubuntu', style='italic', variant='normal', weight=400, stretch='normal', size='scalable')) = 11.05
2026-02-03 19:59:28,755 [DEBUG] findfont: score(FontEntry(fname='/usr/share/fonts/truetype/ubuntu/Ubuntu-RI.ttf', name='Ubuntu', style='italic', variant='normal', weight=400, stretch='normal', size='scalable')) = 11.05
2026-02-03 19:59:28,755 [DEBUG] findfont: score(FontEntry(fname='/usr/share/fonts/truetype/ubuntu/Ubuntu-M.ttf', name='Ubuntu', style='normal', variant='normal', weight=400, stretch='normal', size='scalable')) = 10.05
2026-02-03 19:59:28,755 [DEBUG] findfont: score(FontEntry(fname='/usr/share/fonts/truetype/ubuntu/UbuntuSans[wdth,wght].ttf', name='Ubuntu Sans', style='normal', variant='normal', weight=400, stretch='normal', size='scalable')) = 10.05
2026-02-03 19:59:28,756 [DEBUG] findfont: score(FontEntry(fname='/usr/share/fonts/truetype/ubuntu/UbuntuMono-B.ttf', name='Ubuntu Mono', style='normal', variant='normal', weight=400, stretch='normal', size='scalable')) = 10.05
2026-02-03 19:59:28,756 [DEBUG] findfont: score(FontEntry(fname='/usr/share/fonts/truetype/ubuntu/Ubuntu-BI.ttf', name='Ubuntu', style='italic', variant='normal', weight=400, stretch='normal', size='scalable')) = 11.05
2026-02-03 19:59:28,756 [DEBUG] findfont: score(FontEntry(fname='/usr/share/fonts/truetype/ubuntu/Ubuntu-L.ttf', name='Ubuntu', style='normal', variant='normal', weight=400, stretch='normal', size='scalable')) = 10.05
2026-02-03 19:59:28,756 [DEBUG] findfont: score(FontEntry(fname='/usr/share/fonts/truetype/ubuntu/UbuntuMono-BI.ttf', name='Ubuntu Mono', style='italic', variant='normal', weight=400, stretch='normal', size='scalable')) = 11.05
2026-02-03 19:59:28,756 [DEBUG] findfont: score(FontEntry(fname='/usr/share/fonts/truetype/dejavu/DejaVuSansMono.ttf', name='DejaVu Sans Mono', style='normal', variant='normal', weight=400, stretch='normal', size='scalable')) = 10.05
2026-02-03 19:59:28,756 [DEBUG] findfont: score(FontEntry(fname='/usr/share/fonts/truetype/ubuntu/Ubuntu-R.ttf', name='Ubuntu', style='normal', variant='normal', weight=400, stretch='normal', size='scalable')) = 10.05
2026-02-03 19:59:28,756 [DEBUG] findfont: score(FontEntry(fname='/usr/share/fonts/truetype/ubuntu/UbuntuMono-Italic[wght].ttf', name='Ubuntu Mono', style='italic', variant='normal', weight=400, stretch='normal', size='scalable')) = 11.05
2026-02-03 19:59:28,756 [DEBUG] findfont: Matching sans\-serif:style=normal:variant=normal:weight=normal:stretch=normal:size=10.0 to DejaVu Sans ('/home/mejia/workspace/upsrj-machine-learning/venv/lib/python3.12/site-packages/matplotlib/mpl-data/fonts/ttf/DejaVuSans.ttf') with score of 0.050000.
2026-02-03 19:59:28,898 [DEBUG] findfont: Matching sans\-serif:style=normal:variant=normal:weight=normal:stretch=normal:size=12.0.
2026-02-03 19:59:28,899 [DEBUG] findfont: score(FontEntry(fname='/home/mejia/workspace/upsrj-machine-learning/venv/lib/python3.12/site-packages/matplotlib/mpl-data/fonts/ttf/DejaVuSansDisplay.ttf', name='DejaVu Sans Display', style='normal', variant='normal', weight=400, stretch='normal', size='scalable')) = 10.05
2026-02-03 19:59:28,899 [DEBUG] findfont: score(FontEntry(fname='/home/mejia/workspace/upsrj-machine-learning/venv/lib/python3.12/site-packages/matplotlib/mpl-data/fonts/ttf/cmr10.ttf', name='cmr10', style='normal', variant='normal', weight=400, stretch='normal', size='scalable')) = 10.05
2026-02-03 19:59:28,899 [DEBUG] findfont: score(FontEntry(fname='/home/mejia/workspace/upsrj-machine-learning/venv/lib/python3.12/site-packages/matplotlib/mpl-data/fonts/ttf/STIXNonUniIta.ttf', name='STIXNonUnicode', style='italic', variant='normal', weight=400, stretch='normal', size='scalable')) = 11.05
2026-02-03 19:59:28,900 [DEBUG] findfont: score(FontEntry(fname='/home/mejia/workspace/upsrj-machine-learning/venv/lib/python3.12/site-packages/matplotlib/mpl-data/fonts/ttf/DejaVuSans-BoldOblique.ttf', name='DejaVu Sans', style='oblique', variant='normal', weight=700, stretch='normal', size='scalable')) = 1.335
2026-02-03 19:59:28,900 [DEBUG] findfont: score(FontEntry(fname='/home/mejia/workspace/upsrj-machine-learning/venv/lib/python3.12/site-packages/matplotlib/mpl-data/fonts/ttf/STIXSizFourSymReg.ttf', name='STIXSizeFourSym', style='normal', variant='normal', weight=400, stretch='normal', size='scalable')) = 10.05
2026-02-03 19:59:28,900 [DEBUG] findfont: score(FontEntry(fname='/home/mejia/workspace/upsrj-machine-learning/venv/lib/python3.12/site-packages/matplotlib/mpl-data/fonts/ttf/STIXGeneralBol.ttf', name='STIXGeneral', style='normal', variant='normal', weight=700, stretch='normal', size='scalable')) = 10.335
2026-02-03 19:59:28,900 [DEBUG] findfont: score(FontEntry(fname='/home/mejia/workspace/upsrj-machine-learning/venv/lib/python3.12/site-packages/matplotlib/mpl-data/fonts/ttf/STIXSizThreeSymReg.ttf', name='STIXSizeThreeSym', style='normal', variant='normal', weight=400, stretch='normal', size='scalable')) = 10.05
2026-02-03 19:59:28,901 [DEBUG] findfont: score(FontEntry(fname='/home/mejia/workspace/upsrj-machine-learning/venv/lib/python3.12/site-packages/matplotlib/mpl-data/fonts/ttf/DejaVuSans-Oblique.ttf', name='DejaVu Sans', style='oblique', variant='normal', weight=400, stretch='normal', size='scalable')) = 1.05
2026-02-03 19:59:28,901 [DEBUG] findfont: score(FontEntry(fname='/home/mejia/workspace/upsrj-machine-learning/venv/lib/python3.12/site-packages/matplotlib/mpl-data/fonts/ttf/DejaVuSerif.ttf', name='DejaVu Serif', style='normal', variant='normal', weight=400, stretch='normal', size='scalable')) = 10.05
2026-02-03 19:59:28,901 [DEBUG] findfont: score(FontEntry(fname='/home/mejia/workspace/upsrj-machine-learning/venv/lib/python3.12/site-packages/matplotlib/mpl-data/fonts/ttf/cmmi10.ttf', name='cmmi10', style='normal', variant='normal', weight=400, stretch='normal', size='scalable')) = 10.05
2026-02-03 19:59:28,903 [DEBUG] findfont: score(FontEntry(fname='/home/mejia/workspace/upsrj-machine-learning/venv/lib/python3.12/site-packages/matplotlib/mpl-data/fonts/ttf/DejaVuSansMono-Oblique.ttf', name='DejaVu Sans Mono', style='oblique', variant='normal', weight=400, stretch='normal', size='scalable')) = 11.05
2026-02-03 19:59:28,904 [DEBUG] findfont: score(FontEntry(fname='/home/mejia/workspace/upsrj-machine-learning/venv/lib/python3.12/site-packages/matplotlib/mpl-data/fonts/ttf/STIXSizOneSymBol.ttf', name='STIXSizeOneSym', style='normal', variant='normal', weight=700, stretch='normal', size='scalable')) = 10.335
2026-02-03 19:59:28,904 [DEBUG] findfont: score(FontEntry(fname='/home/mejia/workspace/upsrj-machine-learning/venv/lib/python3.12/site-packages/matplotlib/mpl-data/fonts/ttf/cmtt10.ttf', name='cmtt10', style='normal', variant='normal', weight=400, stretch='normal', size='scalable')) = 10.05
2026-02-03 19:59:28,905 [DEBUG] findfont: score(FontEntry(fname='/home/mejia/workspace/upsrj-machine-learning/venv/lib/python3.12/site-packages/matplotlib/mpl-data/fonts/ttf/STIXSizFiveSymReg.ttf', name='STIXSizeFiveSym', style='normal', variant='normal', weight=400, stretch='normal', size='scalable')) = 10.05
2026-02-03 19:59:28,905 [DEBUG] findfont: score(FontEntry(fname='/home/mejia/workspace/upsrj-machine-learning/venv/lib/python3.12/site-packages/matplotlib/mpl-data/fonts/ttf/DejaVuSerif-BoldItalic.ttf', name='DejaVu Serif', style='italic', variant='normal', weight=700, stretch='normal', size='scalable')) = 11.335
2026-02-03 19:59:28,905 [DEBUG] findfont: score(FontEntry(fname='/home/mejia/workspace/upsrj-machine-learning/venv/lib/python3.12/site-packages/matplotlib/mpl-data/fonts/ttf/STIXNonUniBol.ttf', name='STIXNonUnicode', style='normal', variant='normal', weight=700, stretch='normal', size='scalable')) = 10.335
2026-02-03 19:59:28,906 [DEBUG] findfont: score(FontEntry(fname='/home/mejia/workspace/upsrj-machine-learning/venv/lib/python3.12/site-packages/matplotlib/mpl-data/fonts/ttf/cmb10.ttf', name='cmb10', style='normal', variant='normal', weight=400, stretch='normal', size='scalable')) = 10.05
2026-02-03 19:59:28,906 [DEBUG] findfont: score(FontEntry(fname='/home/mejia/workspace/upsrj-machine-learning/venv/lib/python3.12/site-packages/matplotlib/mpl-data/fonts/ttf/DejaVuSerifDisplay.ttf', name='DejaVu Serif Display', style='normal', variant='normal', weight=400, stretch='normal', size='scalable')) = 10.05
2026-02-03 19:59:28,907 [DEBUG] findfont: score(FontEntry(fname='/home/mejia/workspace/upsrj-machine-learning/venv/lib/python3.12/site-packages/matplotlib/mpl-data/fonts/ttf/cmsy10.ttf', name='cmsy10', style='normal', variant='normal', weight=400, stretch='normal', size='scalable')) = 10.05
2026-02-03 19:59:28,907 [DEBUG] findfont: score(FontEntry(fname='/home/mejia/workspace/upsrj-machine-learning/venv/lib/python3.12/site-packages/matplotlib/mpl-data/fonts/ttf/DejaVuSerif-Bold.ttf', name='DejaVu Serif', style='normal', variant='normal', weight=700, stretch='normal', size='scalable')) = 10.335
2026-02-03 19:59:28,907 [DEBUG] findfont: score(FontEntry(fname='/home/mejia/workspace/upsrj-machine-learning/venv/lib/python3.12/site-packages/matplotlib/mpl-data/fonts/ttf/STIXGeneral.ttf', name='STIXGeneral', style='normal', variant='normal', weight=400, stretch='normal', size='scalable')) = 10.05
2026-02-03 19:59:28,907 [DEBUG] findfont: score(FontEntry(fname='/home/mejia/workspace/upsrj-machine-learning/venv/lib/python3.12/site-packages/matplotlib/mpl-data/fonts/ttf/DejaVuSans.ttf', name='DejaVu Sans', style='normal', variant='normal', weight=400, stretch='normal', size='scalable')) = 0.05
2026-02-03 19:59:28,908 [DEBUG] findfont: score(FontEntry(fname='/home/mejia/workspace/upsrj-machine-learning/venv/lib/python3.12/site-packages/matplotlib/mpl-data/fonts/ttf/cmss10.ttf', name='cmss10', style='normal', variant='normal', weight=400, stretch='normal', size='scalable')) = 10.05
2026-02-03 19:59:28,908 [DEBUG] findfont: score(FontEntry(fname='/home/mejia/workspace/upsrj-machine-learning/venv/lib/python3.12/site-packages/matplotlib/mpl-data/fonts/ttf/STIXSizFourSymBol.ttf', name='STIXSizeFourSym', style='normal', variant='normal', weight=700, stretch='normal', size='scalable')) = 10.335
2026-02-03 19:59:28,908 [DEBUG] findfont: score(FontEntry(fname='/home/mejia/workspace/upsrj-machine-learning/venv/lib/python3.12/site-packages/matplotlib/mpl-data/fonts/ttf/DejaVuSans-Bold.ttf', name='DejaVu Sans', style='normal', variant='normal', weight=700, stretch='normal', size='scalable')) = 0.33499999999999996
2026-02-03 19:59:28,909 [DEBUG] findfont: score(FontEntry(fname='/home/mejia/workspace/upsrj-machine-learning/venv/lib/python3.12/site-packages/matplotlib/mpl-data/fonts/ttf/STIXSizThreeSymBol.ttf', name='STIXSizeThreeSym', style='normal', variant='normal', weight=700, stretch='normal', size='scalable')) = 10.335
2026-02-03 19:59:28,909 [DEBUG] findfont: score(FontEntry(fname='/home/mejia/workspace/upsrj-machine-learning/venv/lib/python3.12/site-packages/matplotlib/mpl-data/fonts/ttf/STIXNonUni.ttf', name='STIXNonUnicode', style='normal', variant='normal', weight=400, stretch='normal', size='scalable')) = 10.05
2026-02-03 19:59:28,909 [DEBUG] findfont: score(FontEntry(fname='/home/mejia/workspace/upsrj-machine-learning/venv/lib/python3.12/site-packages/matplotlib/mpl-data/fonts/ttf/STIXSizTwoSymReg.ttf', name='STIXSizeTwoSym', style='normal', variant='normal', weight=400, stretch='normal', size='scalable')) = 10.05
2026-02-03 19:59:28,910 [DEBUG] findfont: score(FontEntry(fname='/home/mejia/workspace/upsrj-machine-learning/venv/lib/python3.12/site-packages/matplotlib/mpl-data/fonts/ttf/STIXNonUniBolIta.ttf', name='STIXNonUnicode', style='italic', variant='normal', weight=700, stretch='normal', size='scalable')) = 11.335
2026-02-03 19:59:28,910 [DEBUG] findfont: score(FontEntry(fname='/home/mejia/workspace/upsrj-machine-learning/venv/lib/python3.12/site-packages/matplotlib/mpl-data/fonts/ttf/DejaVuSansMono-Bold.ttf', name='DejaVu Sans Mono', style='normal', variant='normal', weight=700, stretch='normal', size='scalable')) = 10.335
2026-02-03 19:59:28,910 [DEBUG] findfont: score(FontEntry(fname='/home/mejia/workspace/upsrj-machine-learning/venv/lib/python3.12/site-packages/matplotlib/mpl-data/fonts/ttf/DejaVuSansMono-BoldOblique.ttf', name='DejaVu Sans Mono', style='oblique', variant='normal', weight=700, stretch='normal', size='scalable')) = 11.335
2026-02-03 19:59:28,910 [DEBUG] findfont: score(FontEntry(fname='/home/mejia/workspace/upsrj-machine-learning/venv/lib/python3.12/site-packages/matplotlib/mpl-data/fonts/ttf/cmex10.ttf', name='cmex10', style='normal', variant='normal', weight=400, stretch='normal', size='scalable')) = 10.05
2026-02-03 19:59:28,911 [DEBUG] findfont: score(FontEntry(fname='/home/mejia/workspace/upsrj-machine-learning/venv/lib/python3.12/site-packages/matplotlib/mpl-data/fonts/ttf/STIXSizOneSymReg.ttf', name='STIXSizeOneSym', style='normal', variant='normal', weight=400, stretch='normal', size='scalable')) = 10.05
2026-02-03 19:59:28,911 [DEBUG] findfont: score(FontEntry(fname='/home/mejia/workspace/upsrj-machine-learning/venv/lib/python3.12/site-packages/matplotlib/mpl-data/fonts/ttf/DejaVuSansMono.ttf', name='DejaVu Sans Mono', style='normal', variant='normal', weight=400, stretch='normal', size='scalable')) = 10.05
2026-02-03 19:59:28,911 [DEBUG] findfont: score(FontEntry(fname='/home/mejia/workspace/upsrj-machine-learning/venv/lib/python3.12/site-packages/matplotlib/mpl-data/fonts/ttf/STIXGeneralBolIta.ttf', name='STIXGeneral', style='italic', variant='normal', weight=700, stretch='normal', size='scalable')) = 11.335
2026-02-03 19:59:28,911 [DEBUG] findfont: score(FontEntry(fname='/home/mejia/workspace/upsrj-machine-learning/venv/lib/python3.12/site-packages/matplotlib/mpl-data/fonts/ttf/DejaVuSerif-Italic.ttf', name='DejaVu Serif', style='italic', variant='normal', weight=400, stretch='normal', size='scalable')) = 11.05
2026-02-03 19:59:28,911 [DEBUG] findfont: score(FontEntry(fname='/home/mejia/workspace/upsrj-machine-learning/venv/lib/python3.12/site-packages/matplotlib/mpl-data/fonts/ttf/STIXSizTwoSymBol.ttf', name='STIXSizeTwoSym', style='normal', variant='normal', weight=700, stretch='normal', size='scalable')) = 10.335
2026-02-03 19:59:28,912 [DEBUG] findfont: score(FontEntry(fname='/home/mejia/workspace/upsrj-machine-learning/venv/lib/python3.12/site-packages/matplotlib/mpl-data/fonts/ttf/STIXGeneralItalic.ttf', name='STIXGeneral', style='italic', variant='normal', weight=400, stretch='normal', size='scalable')) = 11.05
2026-02-03 19:59:28,912 [DEBUG] findfont: score(FontEntry(fname='/usr/share/fonts/truetype/ubuntu/Ubuntu-LI.ttf', name='Ubuntu', style='italic', variant='normal', weight=400, stretch='normal', size='scalable')) = 11.05
2026-02-03 19:59:28,912 [DEBUG] findfont: score(FontEntry(fname='/usr/share/fonts/truetype/ubuntu/Ubuntu-B.ttf', name='Ubuntu', style='normal', variant='normal', weight=400, stretch='normal', size='scalable')) = 10.05
2026-02-03 19:59:28,912 [DEBUG] findfont: score(FontEntry(fname='/usr/share/fonts/truetype/ubuntu/Ubuntu[wdth,wght].ttf', name='Ubuntu', style='normal', variant='normal', weight=400, stretch='normal', size='scalable')) = 10.05
2026-02-03 19:59:28,913 [DEBUG] findfont: score(FontEntry(fname='/usr/share/fonts/truetype/ubuntu/UbuntuMono[wght].ttf', name='Ubuntu Mono', style='normal', variant='normal', weight=400, stretch='normal', size='scalable')) = 10.05
2026-02-03 19:59:28,913 [DEBUG] findfont: score(FontEntry(fname='/usr/share/fonts/truetype/dejavu/DejaVuSansMono-Oblique.ttf', name='DejaVu Sans Mono', style='oblique', variant='normal', weight=400, stretch='normal', size='scalable')) = 11.05
2026-02-03 19:59:28,913 [DEBUG] findfont: score(FontEntry(fname='/usr/share/fonts/truetype/ubuntu/Ubuntu-C.ttf', name='Ubuntu', style='normal', variant='normal', weight=400, stretch='normal', size='scalable')) = 10.05
2026-02-03 19:59:28,913 [DEBUG] findfont: score(FontEntry(fname='/usr/share/fonts/truetype/ubuntu/Ubuntu-MI.ttf', name='Ubuntu', style='italic', variant='normal', weight=400, stretch='normal', size='scalable')) = 11.05
2026-02-03 19:59:28,913 [DEBUG] findfont: score(FontEntry(fname='/usr/share/fonts/truetype/dejavu/DejaVuSansMono-BoldOblique.ttf', name='DejaVu Sans Mono', style='oblique', variant='normal', weight=700, stretch='normal', size='scalable')) = 11.335
2026-02-03 19:59:28,913 [DEBUG] findfont: score(FontEntry(fname='/usr/share/fonts/truetype/ubuntu/UbuntuMono-RI.ttf', name='Ubuntu Mono', style='italic', variant='normal', weight=400, stretch='normal', size='scalable')) = 11.05
2026-02-03 19:59:28,913 [DEBUG] findfont: score(FontEntry(fname='/usr/share/fonts/truetype/dejavu/DejaVuSansMono-Bold.ttf', name='DejaVu Sans Mono', style='normal', variant='normal', weight=700, stretch='normal', size='scalable')) = 10.335
2026-02-03 19:59:28,913 [DEBUG] findfont: score(FontEntry(fname='/usr/share/fonts/truetype/dejavu/DejaVuSans-Bold.ttf', name='DejaVu Sans', style='normal', variant='normal', weight=700, stretch='normal', size='scalable')) = 0.33499999999999996
2026-02-03 19:59:28,913 [DEBUG] findfont: score(FontEntry(fname='/usr/share/fonts/truetype/ubuntu/UbuntuSans-Italic[wdth,wght].ttf', name='Ubuntu Sans', style='italic', variant='normal', weight=400, stretch='normal', size='scalable')) = 11.05
2026-02-03 19:59:28,913 [DEBUG] findfont: score(FontEntry(fname='/usr/share/fonts/truetype/ubuntu/Ubuntu-Th.ttf', name='Ubuntu', style='normal', variant='normal', weight=400, stretch='normal', size='scalable')) = 10.05
2026-02-03 19:59:28,914 [DEBUG] findfont: score(FontEntry(fname='/usr/share/fonts/truetype/ubuntu/UbuntuSansMono-Italic[wght].ttf', name='Ubuntu Sans Mono', style='italic', variant='normal', weight=400, stretch='normal', size='scalable')) = 11.05
2026-02-03 19:59:28,914 [DEBUG] findfont: score(FontEntry(fname='/usr/share/fonts/truetype/dejavu/DejaVuSerif-Bold.ttf', name='DejaVu Serif', style='normal', variant='normal', weight=700, stretch='normal', size='scalable')) = 10.335
2026-02-03 19:59:28,914 [DEBUG] findfont: score(FontEntry(fname='/usr/share/fonts/truetype/ubuntu/UbuntuSansMono[wght].ttf', name='Ubuntu Sans Mono', style='normal', variant='normal', weight=400, stretch='normal', size='scalable')) = 10.05
2026-02-03 19:59:28,914 [DEBUG] findfont: score(FontEntry(fname='/usr/share/fonts/truetype/dejavu/DejaVuSans.ttf', name='DejaVu Sans', style='normal', variant='normal', weight=400, stretch='normal', size='scalable')) = 0.05
2026-02-03 19:59:28,914 [DEBUG] findfont: score(FontEntry(fname='/usr/share/fonts/truetype/dejavu/DejaVuSerif.ttf', name='DejaVu Serif', style='normal', variant='normal', weight=400, stretch='normal', size='scalable')) = 10.05
2026-02-03 19:59:28,914 [DEBUG] findfont: score(FontEntry(fname='/usr/share/fonts/truetype/ubuntu/UbuntuMono-R.ttf', name='Ubuntu Mono', style='normal', variant='normal', weight=400, stretch='normal', size='scalable')) = 10.05
2026-02-03 19:59:28,915 [DEBUG] findfont: score(FontEntry(fname='/usr/share/fonts/truetype/ubuntu/Ubuntu-Italic[wdth,wght].ttf', name='Ubuntu', style='italic', variant='normal', weight=400, stretch='normal', size='scalable')) = 11.05
2026-02-03 19:59:28,915 [DEBUG] findfont: score(FontEntry(fname='/usr/share/fonts/truetype/ubuntu/Ubuntu-RI.ttf', name='Ubuntu', style='italic', variant='normal', weight=400, stretch='normal', size='scalable')) = 11.05
2026-02-03 19:59:28,915 [DEBUG] findfont: score(FontEntry(fname='/usr/share/fonts/truetype/ubuntu/Ubuntu-M.ttf', name='Ubuntu', style='normal', variant='normal', weight=400, stretch='normal', size='scalable')) = 10.05
2026-02-03 19:59:28,915 [DEBUG] findfont: score(FontEntry(fname='/usr/share/fonts/truetype/ubuntu/UbuntuSans[wdth,wght].ttf', name='Ubuntu Sans', style='normal', variant='normal', weight=400, stretch='normal', size='scalable')) = 10.05
2026-02-03 19:59:28,915 [DEBUG] findfont: score(FontEntry(fname='/usr/share/fonts/truetype/ubuntu/UbuntuMono-B.ttf', name='Ubuntu Mono', style='normal', variant='normal', weight=400, stretch='normal', size='scalable')) = 10.05
2026-02-03 19:59:28,915 [DEBUG] findfont: score(FontEntry(fname='/usr/share/fonts/truetype/ubuntu/Ubuntu-BI.ttf', name='Ubuntu', style='italic', variant='normal', weight=400, stretch='normal', size='scalable')) = 11.05
2026-02-03 19:59:28,915 [DEBUG] findfont: score(FontEntry(fname='/usr/share/fonts/truetype/ubuntu/Ubuntu-L.ttf', name='Ubuntu', style='normal', variant='normal', weight=400, stretch='normal', size='scalable')) = 10.05
2026-02-03 19:59:28,915 [DEBUG] findfont: score(FontEntry(fname='/usr/share/fonts/truetype/ubuntu/UbuntuMono-BI.ttf', name='Ubuntu Mono', style='italic', variant='normal', weight=400, stretch='normal', size='scalable')) = 11.05
2026-02-03 19:59:28,915 [DEBUG] findfont: score(FontEntry(fname='/usr/share/fonts/truetype/dejavu/DejaVuSansMono.ttf', name='DejaVu Sans Mono', style='normal', variant='normal', weight=400, stretch='normal', size='scalable')) = 10.05
2026-02-03 19:59:28,915 [DEBUG] findfont: score(FontEntry(fname='/usr/share/fonts/truetype/ubuntu/Ubuntu-R.ttf', name='Ubuntu', style='normal', variant='normal', weight=400, stretch='normal', size='scalable')) = 10.05
2026-02-03 19:59:28,915 [DEBUG] findfont: score(FontEntry(fname='/usr/share/fonts/truetype/ubuntu/UbuntuMono-Italic[wght].ttf', name='Ubuntu Mono', style='italic', variant='normal', weight=400, stretch='normal', size='scalable')) = 11.05
2026-02-03 19:59:28,916 [DEBUG] findfont: Matching sans\-serif:style=normal:variant=normal:weight=normal:stretch=normal:size=12.0 to DejaVu Sans ('/home/mejia/workspace/upsrj-machine-learning/venv/lib/python3.12/site-packages/matplotlib/mpl-data/fonts/ttf/DejaVuSans.ttf') with score of 0.050000.
2026-02-03 19:59:41,764 [DEBUG] STREAM b'IHDR' 16 13
2026-02-03 19:59:41,764 [DEBUG] STREAM b'sBIT' 41 4
2026-02-03 19:59:41,765 [DEBUG] b'sBIT' 41 4 (unknown)
2026-02-03 19:59:41,765 [DEBUG] STREAM b'pHYs' 57 9
2026-02-03 19:59:41,765 [DEBUG] STREAM b'IDAT' 78 1189
2026-02-03 19:59:41,773 [DEBUG] STREAM b'IHDR' 16 13
2026-02-03 19:59:41,773 [DEBUG] STREAM b'sBIT' 41 4
2026-02-03 19:59:41,773 [DEBUG] b'sBIT' 41 4 (unknown)
2026-02-03 19:59:41,773 [DEBUG] STREAM b'pHYs' 57 9
2026-02-03 19:59:41,773 [DEBUG] STREAM b'IDAT' 78 2994
2026-02-03 19:59:41,841 [DEBUG] STREAM b'IHDR' 16 13
2026-02-03 19:59:41,841 [DEBUG] STREAM b'sBIT' 41 4
2026-02-03 19:59:41,842 [DEBUG] b'sBIT' 41 4 (unknown)
2026-02-03 19:59:41,842 [DEBUG] STREAM b'pHYs' 57 9
2026-02-03 19:59:41,842 [DEBUG] STREAM b'IDAT' 78 374
2026-02-03 19:59:41,844 [DEBUG] STREAM b'IHDR' 16 13
2026-02-03 19:59:41,844 [DEBUG] STREAM b'sBIT' 41 4
2026-02-03 19:59:41,844 [DEBUG] b'sBIT' 41 4 (unknown)
2026-02-03 19:59:41,844 [DEBUG] STREAM b'pHYs' 57 9
2026-02-03 19:59:41,844 [DEBUG] STREAM b'IDAT' 78 286
2026-02-03 19:59:41,846 [DEBUG] STREAM b'IHDR' 16 13
2026-02-03 19:59:41,846 [DEBUG] STREAM b'sBIT' 41 4
2026-02-03 19:59:41,846 [DEBUG] b'sBIT' 41 4 (unknown)
2026-02-03 19:59:41,846 [DEBUG] STREAM b'pHYs' 57 9
2026-02-03 19:59:41,846 [DEBUG] STREAM b'IDAT' 78 263
2026-02-03 19:59:41,849 [DEBUG] STREAM b'IHDR' 16 13
2026-02-03 19:59:41,849 [DEBUG] STREAM b'sBIT' 41 4
2026-02-03 19:59:41,849 [DEBUG] b'sBIT' 41 4 (unknown)
2026-02-03 19:59:41,849 [DEBUG] STREAM b'pHYs' 57 9
2026-02-03 19:59:41,849 [DEBUG] STREAM b'IDAT' 78 387
2026-02-03 19:59:41,852 [DEBUG] STREAM b'IHDR' 16 13
2026-02-03 19:59:41,852 [DEBUG] STREAM b'sBIT' 41 4
2026-02-03 19:59:41,852 [DEBUG] b'sBIT' 41 4 (unknown)
2026-02-03 19:59:41,852 [DEBUG] STREAM b'pHYs' 57 9
2026-02-03 19:59:41,853 [DEBUG] STREAM b'IDAT' 78 436
2026-02-03 19:59:41,856 [DEBUG] STREAM b'IHDR' 16 13
2026-02-03 19:59:41,858 [DEBUG] STREAM b'sBIT' 41 4
2026-02-03 19:59:41,858 [DEBUG] b'sBIT' 41 4 (unknown)
2026-02-03 19:59:41,858 [DEBUG] STREAM b'pHYs' 57 9
2026-02-03 19:59:41,858 [DEBUG] STREAM b'IDAT' 78 351
2026-02-03 19:59:41,862 [DEBUG] STREAM b'IHDR' 16 13
2026-02-03 19:59:41,863 [DEBUG] STREAM b'sBIT' 41 4
2026-02-03 19:59:41,863 [DEBUG] b'sBIT' 41 4 (unknown)
2026-02-03 19:59:41,863 [DEBUG] STREAM b'pHYs' 57 9
2026-02-03 19:59:41,863 [DEBUG] STREAM b'IDAT' 78 364
2026-02-03 19:59:41,897 [INFO] El modelo linear fue entrenado con X_train.
2026-02-03 19:59:41,897 [INFO] Intercept: 69.10302617988444
2026-02-03 19:59:41,897 [INFO] Coefficient: 16.180900781199195
2026-02-03 19:59:41,899 [INFO] MSE: 797.4346310097206
2026-02-03 19:59:41,900 [INFO] R2: 0.8071474868274242
2026-02-03 19:59:50,937 [DEBUG] STREAM b'IHDR' 16 13
2026-02-03 19:59:50,937 [DEBUG] STREAM b'sBIT' 41 4
2026-02-03 19:59:50,937 [DEBUG] b'sBIT' 41 4 (unknown)
2026-02-03 19:59:50,937 [DEBUG] STREAM b'pHYs' 57 9
2026-02-03 19:59:50,937 [DEBUG] STREAM b'IDAT' 78 1189
2026-02-03 19:59:50,943 [DEBUG] STREAM b'IHDR' 16 13
2026-02-03 19:59:50,943 [DEBUG] STREAM b'sBIT' 41 4
2026-02-03 19:59:50,943 [DEBUG] b'sBIT' 41 4 (unknown)
2026-02-03 19:59:50,943 [DEBUG] STREAM b'pHYs' 57 9
2026-02-03 19:59:50,943 [DEBUG] STREAM b'IDAT' 78 2994
2026-02-03 19:59:51,003 [DEBUG] STREAM b'IHDR' 16 13
2026-02-03 19:59:51,003 [DEBUG] STREAM b'sBIT' 41 4
2026-02-03 19:59:51,003 [DEBUG] b'sBIT' 41 4 (unknown)
2026-02-03 19:59:51,003 [DEBUG] STREAM b'pHYs' 57 9
2026-02-03 19:59:51,003 [DEBUG] STREAM b'IDAT' 78 374
2026-02-03 19:59:51,006 [DEBUG] STREAM b'IHDR' 16 13
2026-02-03 19:59:51,006 [DEBUG] STREAM b'sBIT' 41 4
2026-02-03 19:59:51,006 [DEBUG] b'sBIT' 41 4 (unknown)
2026-02-03 19:59:51,006 [DEBUG] STREAM b'pHYs' 57 9
2026-02-03 19:59:51,006 [DEBUG] STREAM b'IDAT' 78 286
2026-02-03 19:59:51,009 [DEBUG] STREAM b'IHDR' 16 13
2026-02-03 19:59:51,009 [DEBUG] STREAM b'sBIT' 41 4
2026-02-03 19:59:51,009 [DEBUG] b'sBIT' 41 4 (unknown)
2026-02-03 19:59:51,009 [DEBUG] STREAM b'pHYs' 57 9
2026-02-03 19:59:51,009 [DEBUG] STREAM b'IDAT' 78 263
2026-02-03 19:59:51,013 [DEBUG] STREAM b'IHDR' 16 13
2026-02-03 19:59:51,013 [DEBUG] STREAM b'sBIT' 41 4
2026-02-03 19:59:51,013 [DEBUG] b'sBIT' 41 4 (unknown)
2026-02-03 19:59:51,013 [DEBUG] STREAM b'pHYs' 57 9
2026-02-03 19:59:51,013 [DEBUG] STREAM b'IDAT' 78 387
2026-02-03 19:59:51,017 [DEBUG] STREAM b'IHDR' 16 13
2026-02-03 19:59:51,017 [DEBUG] STREAM b'sBIT' 41 4
2026-02-03 19:59:51,017 [DEBUG] b'sBIT' 41 4 (unknown)
2026-02-03 19:59:51,017 [DEBUG] STREAM b'pHYs' 57 9
2026-02-03 19:59:51,017 [DEBUG] STREAM b'IDAT' 78 436
2026-02-03 19:59:51,020 [DEBUG] STREAM b'IHDR' 16 13
2026-02-03 19:59:51,020 [DEBUG] STREAM b'sBIT' 41 4
2026-02-03 19:59:51,021 [DEBUG] b'sBIT' 41 4 (unknown)
2026-02-03 19:59:51,021 [DEBUG] STREAM b'pHYs' 57 9
2026-02-03 19:59:51,021 [DEBUG] STREAM b'IDAT' 78 351
2026-02-03 19:59:51,023 [DEBUG] STREAM b'IHDR' 16 13
2026-02-03 19:59:51,024 [DEBUG] STREAM b'sBIT' 41 4
2026-02-03 19:59:51,024 [DEBUG] b'sBIT' 41 4 (unknown)
2026-02-03 19:59:51,024 [DEBUG] STREAM b'pHYs' 57 9
2026-02-03 19:59:51,024 [DEBUG] STREAM b'IDAT' 78 364
